Flow report for DE0_VGA
Tue Nov 26 11:40:46 2013
Quartus II 32-bit Version 13.0.0 Build 156 04/24/2013 SJ Web Edition


---------------------
; Table of Contents ;
---------------------
  1. Legal Notice
  2. Flow Summary
  3. Flow Settings
  4. Flow Non-Default Global Settings
  5. Flow Elapsed Time
  6. Flow OS Summary
  7. Flow Log
  8. Flow Messages
  9. Flow Suppressed Messages



----------------
; Legal Notice ;
----------------
Copyright (C) 1991-2013 Altera Corporation
Your use of Altera Corporation's design tools, logic functions 
and other software and tools, and its AMPP partner logic 
functions, and any output files from any of the foregoing 
(including device programming or simulation files), and any 
associated documentation or information are expressly subject 
to the terms and conditions of the Altera Program License 
Subscription Agreement, Altera MegaCore Function License 
Agreement, or other applicable license agreement, including, 
without limitation, that your use is for the sole purpose of 
programming logic devices manufactured by Altera and sold by 
Altera or its authorized distributors.  Please refer to the 
applicable agreement for further details.



+---------------------------------------------------------------------------------+
; Flow Summary                                                                    ;
+------------------------------------+--------------------------------------------+
; Flow Status                        ; Successful - Tue Nov 26 11:40:34 2013      ;
; Quartus II 32-bit Version          ; 13.0.0 Build 156 04/24/2013 SJ Web Edition ;
; Revision Name                      ; DE0_VGA                                    ;
; Top-level Entity Name              ; DE0_VGA                                    ;
; Family                             ; Cyclone III                                ;
; Device                             ; EP3C16F484C6                               ;
; Timing Models                      ; Final                                      ;
; Total logic elements               ; 2,164 / 15,408 ( 14 % )                    ;
;     Total combinational functions  ; 2,146 / 15,408 ( 14 % )                    ;
;     Dedicated logic registers      ; 341 / 15,408 ( 2 % )                       ;
; Total registers                    ; 341                                        ;
; Total pins                         ; 252 / 347 ( 73 % )                         ;
; Total virtual pins                 ; 0                                          ;
; Total memory bits                  ; 0 / 516,096 ( 0 % )                        ;
; Embedded Multiplier 9-bit elements ; 0 / 112 ( 0 % )                            ;
; Total PLLs                         ; 1 / 4 ( 25 % )                             ;
+------------------------------------+--------------------------------------------+


+-----------------------------------------+
; Flow Settings                           ;
+-------------------+---------------------+
; Option            ; Setting             ;
+-------------------+---------------------+
; Start date & time ; 11/26/2013 11:39:36 ;
; Main task         ; Compilation         ;
; Revision Name     ; DE0_VGA             ;
+-------------------+---------------------+


+--------------------------------------------------------------------------------------------------------------------------+
; Flow Non-Default Global Settings                                                                                         ;
+-------------------------------------+-----------------------------------------+---------------+-------------+------------+
; Assignment Name                     ; Value                                   ; Default Value ; Entity Name ; Section Id ;
+-------------------------------------+-----------------------------------------+---------------+-------------+------------+
; COMPILER_SIGNATURE_ID               ; 121371426967.138545157502996            ; --            ; --          ; --         ;
; MISC_FILE                           ; E:/DE0/DE0_VGA/DE0_VGA.dpf              ; --            ; --          ; --         ;
; MISC_FILE                           ; D:/TERASIC_TEST/DE0/DE0_VGA/DE0_VGA.dpf ; --            ; --          ; --         ;
; NOMINAL_CORE_SUPPLY_VOLTAGE         ; 1.2V                                    ; --            ; --          ; --         ;
; PARTITION_COLOR                     ; 14622752                                ; --            ; --          ; Top        ;
; PARTITION_FITTER_PRESERVATION_LEVEL ; PLACEMENT_AND_ROUTING                   ; --            ; --          ; Top        ;
; PARTITION_NETLIST_TYPE              ; SOURCE                                  ; --            ; --          ; Top        ;
; USE_GENERATED_PHYSICAL_CONSTRAINTS  ; Off                                     ; --            ; --          ; eda_palace ;
+-------------------------------------+-----------------------------------------+---------------+-------------+------------+


+-------------------------------------------------------------------------------------------------------------------------------+
; Flow Elapsed Time                                                                                                             ;
+---------------------------+--------------+-------------------------+---------------------+------------------------------------+
; Module Name               ; Elapsed Time ; Average Processors Used ; Peak Virtual Memory ; Total CPU Time (on all processors) ;
+---------------------------+--------------+-------------------------+---------------------+------------------------------------+
; Analysis & Synthesis      ; 00:00:17     ; 1.0                     ; 328 MB              ; 00:00:09                           ;
; Fitter                    ; 00:00:28     ; 1.0                     ; 478 MB              ; 00:00:23                           ;
; Assembler                 ; 00:00:03     ; 1.0                     ; 332 MB              ; 00:00:01                           ;
; TimeQuest Timing Analyzer ; 00:00:10     ; 1.0                     ; 364 MB              ; 00:00:07                           ;
; Total                     ; 00:00:58     ; --                      ; --                  ; 00:00:40                           ;
+---------------------------+--------------+-------------------------+---------------------+------------------------------------+


+-----------------------------------------------------------------------------------------+
; Flow OS Summary                                                                         ;
+---------------------------+------------------+------------+------------+----------------+
; Module Name               ; Machine Hostname ; OS Name    ; OS Version ; Processor type ;
+---------------------------+------------------+------------+------------+----------------+
; Analysis & Synthesis      ; sr3u5776         ; Windows XP ; 5.1        ; i686           ;
; Fitter                    ; sr3u5776         ; Windows XP ; 5.1        ; i686           ;
; Assembler                 ; sr3u5776         ; Windows XP ; 5.1        ; i686           ;
; TimeQuest Timing Analyzer ; sr3u5776         ; Windows XP ; 5.1        ; i686           ;
+---------------------------+------------------+------------+------------+----------------+


------------
; Flow Log ;
------------
quartus_map --read_settings_files=on --write_settings_files=off DE0_VGA -c DE0_VGA
quartus_fit --read_settings_files=off --write_settings_files=off DE0_VGA -c DE0_VGA
quartus_asm --read_settings_files=off --write_settings_files=off DE0_VGA -c DE0_VGA
quartus_sta DE0_VGA -c DE0_VGA



